F:\courses\PluralSightCours\Asp.netCoreFundamentals\asp.netCoreFullCourse\DutchTreat\wwwroot\clientApp\out-tsc\ClientApp\app\app.component.js
F:\courses\PluralSightCours\Asp.netCoreFundamentals\asp.netCoreFullCourse\DutchTreat\wwwroot\clientApp\out-tsc\ClientApp\app\app.component.js.map
F:\courses\PluralSightCours\Asp.netCoreFundamentals\asp.netCoreFullCourse\DutchTreat\wwwroot\clientApp\out-tsc\ClientApp\app\shared\product.js
F:\courses\PluralSightCours\Asp.netCoreFundamentals\asp.netCoreFullCourse\DutchTreat\wwwroot\clientApp\out-tsc\ClientApp\app\shared\product.js.map
F:\courses\PluralSightCours\Asp.netCoreFundamentals\asp.netCoreFullCourse\DutchTreat\wwwroot\clientApp\out-tsc\ClientApp\app\shared\order.js
F:\courses\PluralSightCours\Asp.netCoreFundamentals\asp.netCoreFullCourse\DutchTreat\wwwroot\clientApp\out-tsc\ClientApp\app\shared\order.js.map
F:\courses\PluralSightCours\Asp.netCoreFundamentals\asp.netCoreFullCourse\DutchTreat\wwwroot\clientApp\out-tsc\ClientApp\app\shared\dataService.js
F:\courses\PluralSightCours\Asp.netCoreFundamentals\asp.netCoreFullCourse\DutchTreat\wwwroot\clientApp\out-tsc\ClientApp\app\shared\dataService.js.map
F:\courses\PluralSightCours\Asp.netCoreFundamentals\asp.netCoreFullCourse\DutchTreat\wwwroot\clientApp\out-tsc\ClientApp\app\shop\ProductList.component.js
F:\courses\PluralSightCours\Asp.netCoreFundamentals\asp.netCoreFullCourse\DutchTreat\wwwroot\clientApp\out-tsc\ClientApp\app\shop\ProductList.component.js.map
F:\courses\PluralSightCours\Asp.netCoreFundamentals\asp.netCoreFullCourse\DutchTreat\wwwroot\clientApp\out-tsc\ClientApp\app\shop\cart.component.js
F:\courses\PluralSightCours\Asp.netCoreFundamentals\asp.netCoreFullCourse\DutchTreat\wwwroot\clientApp\out-tsc\ClientApp\app\shop\cart.component.js.map
F:\courses\PluralSightCours\Asp.netCoreFundamentals\asp.netCoreFullCourse\DutchTreat\wwwroot\clientApp\out-tsc\ClientApp\app\shop\shop.component.js
F:\courses\PluralSightCours\Asp.netCoreFundamentals\asp.netCoreFullCourse\DutchTreat\wwwroot\clientApp\out-tsc\ClientApp\app\shop\shop.component.js.map
F:\courses\PluralSightCours\Asp.netCoreFundamentals\asp.netCoreFullCourse\DutchTreat\wwwroot\clientApp\out-tsc\ClientApp\app\checkout\checkout.component.js
F:\courses\PluralSightCours\Asp.netCoreFundamentals\asp.netCoreFullCourse\DutchTreat\wwwroot\clientApp\out-tsc\ClientApp\app\checkout\checkout.component.js.map
F:\courses\PluralSightCours\Asp.netCoreFundamentals\asp.netCoreFullCourse\DutchTreat\wwwroot\clientApp\out-tsc\ClientApp\app\login\login.component.js
F:\courses\PluralSightCours\Asp.netCoreFundamentals\asp.netCoreFullCourse\DutchTreat\wwwroot\clientApp\out-tsc\ClientApp\app\login\login.component.js.map
F:\courses\PluralSightCours\Asp.netCoreFundamentals\asp.netCoreFullCourse\DutchTreat\wwwroot\clientApp\out-tsc\ClientApp\app\app.module.js
F:\courses\PluralSightCours\Asp.netCoreFundamentals\asp.netCoreFullCourse\DutchTreat\wwwroot\clientApp\out-tsc\ClientApp\app\app.module.js.map
F:\courses\PluralSightCours\Asp.netCoreFundamentals\asp.netCoreFullCourse\DutchTreat\wwwroot\clientApp\out-tsc\ClientApp\environments\environment.js
F:\courses\PluralSightCours\Asp.netCoreFundamentals\asp.netCoreFullCourse\DutchTreat\wwwroot\clientApp\out-tsc\ClientApp\environments\environment.js.map
F:\courses\PluralSightCours\Asp.netCoreFundamentals\asp.netCoreFullCourse\DutchTreat\wwwroot\clientApp\out-tsc\ClientApp\main.js
F:\courses\PluralSightCours\Asp.netCoreFundamentals\asp.netCoreFullCourse\DutchTreat\wwwroot\clientApp\out-tsc\ClientApp\main.js.map
F:\courses\PluralSightCours\Asp.netCoreFundamentals\asp.netCoreFullCourse\DutchTreat\wwwroot\clientApp\out-tsc\ClientApp\polyfills.js
F:\courses\PluralSightCours\Asp.netCoreFundamentals\asp.netCoreFullCourse\DutchTreat\wwwroot\clientApp\out-tsc\ClientApp\polyfills.js.map
F:\courses\PluralSightCours\Asp.netCoreFundamentals\asp.netCoreFullCourse\DutchTreat\wwwroot\clientApp\out-tsc\ClientApp\test.js
F:\courses\PluralSightCours\Asp.netCoreFundamentals\asp.netCoreFullCourse\DutchTreat\wwwroot\clientApp\out-tsc\ClientApp\test.js.map
F:\courses\PluralSightCours\Asp.netCoreFundamentals\asp.netCoreFullCourse\DutchTreat\wwwroot\clientApp\out-tsc\ClientApp\environments\environment.prod.js
F:\courses\PluralSightCours\Asp.netCoreFundamentals\asp.netCoreFullCourse\DutchTreat\wwwroot\clientApp\out-tsc\ClientApp\environments\environment.prod.js.map
F:\courses\PluralSightCours\Asp.netCoreFundamentals\asp.netCoreFullCourse\DutchTreat\wwwroot\clientApp\out-tsc\wwwroot\ts\StoreCustomer.js
F:\courses\PluralSightCours\Asp.netCoreFundamentals\asp.netCoreFullCourse\DutchTreat\wwwroot\clientApp\out-tsc\wwwroot\ts\StoreCustomer.js.map
F:\courses\PluralSightCours\Asp.netCoreFundamentals\asp.netCoreFullCourse\DutchTreat\wwwroot\clientApp\out-tsc\wwwroot\ts\main.js
F:\courses\PluralSightCours\Asp.netCoreFundamentals\asp.netCoreFullCourse\DutchTreat\wwwroot\clientApp\out-tsc\wwwroot\ts\main.js.map
